c:\users\sir cam\homework\projects\qtguiapplication1\qtguiapplication1\x64\debug\vc141.pdb
c:\users\sir cam\homework\projects\qtguiapplication1\qtguiapplication1\x64\debug\stitch.obj
c:\users\sir cam\homework\projects\qtguiapplication1\qtguiapplication1\x64\debug\qtguiapplication1.obj
c:\users\sir cam\homework\projects\qtguiapplication1\qtguiapplication1\x64\debug\main.obj
c:\users\sir cam\homework\projects\qtguiapplication1\qtguiapplication1\x64\debug\moc_qtguiapplication1.obj
c:\users\sir cam\homework\projects\qtguiapplication1\qtguiapplication1\x64\debug\qrc_qtguiapplication1.obj
c:\users\sir cam\homework\projects\qtguiapplication1\qtguiapplication1\.\generatedfiles\debug\moc_qtguiapplication1.cpp
c:\users\sir cam\homework\projects\qtguiapplication1\qtguiapplication1\generatedfiles\ui_qtguiapplication1.h
c:\users\sir cam\homework\projects\qtguiapplication1\qtguiapplication1\generatedfiles\qrc_qtguiapplication1.cpp
c:\users\sir cam\homework\projects\qtguiapplication1\qtguiapplication1\generatedfiles\debug\moc_qtguiapplication1.cpp
c:\users\sir cam\homework\projects\qtguiapplication1\qtguiapplication1\.\generatedfiles\qrc_qtguiapplication1.cpp
c:\users\sir cam\homework\projects\qtguiapplication1\qtguiapplication1\.\generatedfiles\ui_qtguiapplication1.h
c:\users\sir cam\homework\projects\qtguiapplication1\x64\debug\qtguiapplication1.pdb
c:\users\sir cam\homework\projects\qtguiapplication1\qtguiapplication1\x64\debug\qtguiapp.b12702ad.tlog\cl.command.1.tlog
c:\users\sir cam\homework\projects\qtguiapplication1\qtguiapplication1\x64\debug\qtguiapp.b12702ad.tlog\cl.read.1.tlog
c:\users\sir cam\homework\projects\qtguiapplication1\qtguiapplication1\x64\debug\qtguiapp.b12702ad.tlog\cl.write.1.tlog
c:\users\sir cam\homework\projects\qtguiapplication1\qtguiapplication1\x64\debug\qtguiapp.b12702ad.tlog\link-cvtres.read.1.tlog
c:\users\sir cam\homework\projects\qtguiapplication1\qtguiapplication1\x64\debug\qtguiapp.b12702ad.tlog\link-cvtres.write.1.tlog
c:\users\sir cam\homework\projects\qtguiapplication1\qtguiapplication1\x64\debug\qtguiapp.b12702ad.tlog\link-rc.read.1.tlog
c:\users\sir cam\homework\projects\qtguiapplication1\qtguiapplication1\x64\debug\qtguiapp.b12702ad.tlog\link-rc.write.1.tlog
c:\users\sir cam\homework\projects\qtguiapplication1\qtguiapplication1\x64\debug\qtguiapp.b12702ad.tlog\link.command.1.tlog
c:\users\sir cam\homework\projects\qtguiapplication1\qtguiapplication1\x64\debug\qtguiapp.b12702ad.tlog\link.read.1.tlog
c:\users\sir cam\homework\projects\qtguiapplication1\qtguiapplication1\x64\debug\qtguiapp.b12702ad.tlog\link.write.1.tlog
c:\users\sir cam\homework\projects\qtguiapplication1\qtguiapplication1\x64\debug\qtguiapp.b12702ad.tlog\moc.read.1u.tlog
c:\users\sir cam\homework\projects\qtguiapplication1\qtguiapplication1\x64\debug\qtguiapp.b12702ad.tlog\moc.write.1u.tlog
c:\users\sir cam\homework\projects\qtguiapplication1\qtguiapplication1\x64\debug\qtguiapp.b12702ad.tlog\qtguiapplication1.write.1u.tlog
c:\users\sir cam\homework\projects\qtguiapplication1\qtguiapplication1\x64\debug\qtguiapp.b12702ad.tlog\rcc.read.1u.tlog
c:\users\sir cam\homework\projects\qtguiapplication1\qtguiapplication1\x64\debug\qtguiapp.b12702ad.tlog\rcc.write.1u.tlog
c:\users\sir cam\homework\projects\qtguiapplication1\qtguiapplication1\x64\debug\qtguiapp.b12702ad.tlog\uic.read.1u.tlog
c:\users\sir cam\homework\projects\qtguiapplication1\qtguiapplication1\x64\debug\qtguiapp.b12702ad.tlog\uic.write.1u.tlog
